2025-09-24 12:24:08 [main] INFO  c.m.f.FraudDetectionSystemApplication - Starting FraudDetectionSystemApplication using Java 17.0.12 with PID 10748 (C:\Users\Dell\Documents\workspace-spring-tool-suite-4-4.27.0.RELEASE\FraudDetectionSystem\target\classes started by Dell in C:\Users\Dell\Documents\workspace-spring-tool-suite-4-4.27.0.RELEASE\FraudDetectionSystem)
2025-09-24 12:24:08 [main] INFO  c.m.f.FraudDetectionSystemApplication - The following 1 profile is active: "dev"
2025-09-24 12:24:09 [main] INFO  o.s.d.r.c.RepositoryConfigurationDelegate - Multiple Spring Data modules found, entering strict repository configuration mode
2025-09-24 12:24:09 [main] INFO  o.s.d.r.c.RepositoryConfigurationDelegate - Bootstrapping Spring Data JPA repositories in DEFAULT mode.
2025-09-24 12:24:10 [main] INFO  o.s.d.r.c.RepositoryConfigurationDelegate - Finished Spring Data repository scanning in 241 ms. Found 4 JPA repository interfaces.
2025-09-24 12:24:10 [main] INFO  o.s.d.r.c.RepositoryConfigurationDelegate - Multiple Spring Data modules found, entering strict repository configuration mode
2025-09-24 12:24:10 [main] INFO  o.s.d.r.c.RepositoryConfigurationDelegate - Bootstrapping Spring Data Redis repositories in DEFAULT mode.
2025-09-24 12:24:10 [main] INFO  o.s.d.r.c.RepositoryConfigurationExtensionSupport - Spring Data Redis - Could not safely identify store assignment for repository candidate interface com.mj.frauddetectionsystem.repository.FraudAlertRepository; If you want this repository to be a Redis repository, consider annotating your entities with one of these annotations: org.springframework.data.redis.core.RedisHash (preferred), or consider extending one of the following types with your repository: org.springframework.data.keyvalue.repository.KeyValueRepository
2025-09-24 12:24:10 [main] INFO  o.s.d.r.c.RepositoryConfigurationExtensionSupport - Spring Data Redis - Could not safely identify store assignment for repository candidate interface com.mj.frauddetectionsystem.repository.MerchantCategoryRepository; If you want this repository to be a Redis repository, consider annotating your entities with one of these annotations: org.springframework.data.redis.core.RedisHash (preferred), or consider extending one of the following types with your repository: org.springframework.data.keyvalue.repository.KeyValueRepository
2025-09-24 12:24:10 [main] INFO  o.s.d.r.c.RepositoryConfigurationExtensionSupport - Spring Data Redis - Could not safely identify store assignment for repository candidate interface com.mj.frauddetectionsystem.repository.TransactionRepository; If you want this repository to be a Redis repository, consider annotating your entities with one of these annotations: org.springframework.data.redis.core.RedisHash (preferred), or consider extending one of the following types with your repository: org.springframework.data.keyvalue.repository.KeyValueRepository
2025-09-24 12:24:10 [main] INFO  o.s.d.r.c.RepositoryConfigurationExtensionSupport - Spring Data Redis - Could not safely identify store assignment for repository candidate interface com.mj.frauddetectionsystem.repository.UserRepository; If you want this repository to be a Redis repository, consider annotating your entities with one of these annotations: org.springframework.data.redis.core.RedisHash (preferred), or consider extending one of the following types with your repository: org.springframework.data.keyvalue.repository.KeyValueRepository
2025-09-24 12:24:10 [main] INFO  o.s.d.r.c.RepositoryConfigurationDelegate - Finished Spring Data repository scanning in 9 ms. Found 0 Redis repository interfaces.
2025-09-24 12:24:11 [main] INFO  o.s.b.w.e.tomcat.TomcatWebServer - Tomcat initialized with port(s): 8080 (http)
2025-09-24 12:24:11 [main] INFO  o.a.catalina.core.StandardService - Starting service [Tomcat]
2025-09-24 12:24:11 [main] INFO  o.a.catalina.core.StandardEngine - Starting Servlet engine: [Apache Tomcat/10.1.15]
2025-09-24 12:24:11 [main] INFO  o.a.c.c.C.[.[localhost].[/api/v1] - Initializing Spring embedded WebApplicationContext
2025-09-24 12:24:11 [main] INFO  o.s.b.w.s.c.ServletWebServerApplicationContext - Root WebApplicationContext: initialization completed in 2719 ms
2025-09-24 12:24:11 [main] INFO  com.zaxxer.hikari.HikariDataSource - HikariPool-1 - Starting...
2025-09-24 12:24:11 [main] INFO  com.zaxxer.hikari.pool.HikariPool - HikariPool-1 - Added connection conn0: url=jdbc:h2:mem:frauddb user=SA
2025-09-24 12:24:11 [main] INFO  com.zaxxer.hikari.HikariDataSource - HikariPool-1 - Start completed.
2025-09-24 12:24:11 [main] INFO  o.s.b.a.h.H2ConsoleAutoConfiguration - H2 console available at '/h2-console'. Database available at 'jdbc:h2:mem:frauddb'
2025-09-24 12:24:11 [main] INFO  o.h.jpa.internal.util.LogHelper - HHH000204: Processing PersistenceUnitInfo [name: default]
2025-09-24 12:24:11 [main] INFO  org.hibernate.Version - HHH000412: Hibernate ORM core version 6.2.13.Final
2025-09-24 12:24:11 [main] INFO  org.hibernate.cfg.Environment - HHH000406: Using bytecode reflection optimizer
2025-09-24 12:24:12 [main] INFO  o.s.o.j.p.SpringPersistenceUnitInfo - No LoadTimeWeaver setup: ignoring JPA class transformer
2025-09-24 12:24:12 [main] WARN  org.hibernate.orm.deprecation - HHH90000025: H2Dialect does not need to be specified explicitly using 'hibernate.dialect' (remove the property setting and it will be selected by default)
2025-09-24 12:24:13 [main] INFO  o.h.e.t.j.p.i.JtaPlatformInitiator - HHH000489: No JTA platform available (set 'hibernate.transaction.jta.platform' to enable JTA platform integration)
2025-09-24 12:24:13 [main] DEBUG org.hibernate.SQL - 
    drop table if exists fraud_alerts cascade 
2025-09-24 12:24:13 [main] DEBUG org.hibernate.SQL - 
    drop table if exists merchant_categories cascade 
2025-09-24 12:24:13 [main] DEBUG org.hibernate.SQL - 
    drop table if exists transactions cascade 
2025-09-24 12:24:13 [main] DEBUG org.hibernate.SQL - 
    drop table if exists user_profiles cascade 
2025-09-24 12:24:13 [main] DEBUG org.hibernate.SQL - 
    drop table if exists users cascade 
2025-09-24 12:24:13 [main] DEBUG org.hibernate.SQL - 
    create table fraud_alerts (
        confidence_score numeric(5,2),
        alert_time timestamp(6) not null,
        id bigint generated by default as identity,
        resolved_at timestamp(6),
        transaction_id bigint,
        user_id bigint not null,
        alert_type varchar(255) not null,
        description TEXT,
        resolved_by varchar(255),
        severity varchar(255) check (severity in ('LOW','MEDIUM','HIGH','CRITICAL')),
        status varchar(255) check (status in ('OPEN','INVESTIGATING','RESOLVED','FALSE_POSITIVE')),
        triggered_rules TEXT,
        primary key (id)
    )
2025-09-24 12:24:13 [main] DEBUG org.hibernate.SQL - 
    create table merchant_categories (
        id bigint generated by default as identity,
        category_code varchar(255) not null unique,
        category_name varchar(255) not null,
        description varchar(255),
        risk_level varchar(255) check (risk_level in ('LOW','MEDIUM','HIGH','CRITICAL')),
        primary key (id)
    )
2025-09-24 12:24:13 [main] DEBUG org.hibernate.SQL - 
    create table transactions (
        amount numeric(12,2) not null,
        fraud_score numeric(5,2),
        is_fraudulent boolean,
        id bigint generated by default as identity,
        merchant_category_id bigint,
        timestamp timestamp(6) not null,
        user_id bigint not null,
        description varchar(255),
        location varchar(255),
        merchant_name varchar(255),
        payment_method varchar(255) check (payment_method in ('CREDIT_CARD','DEBIT_CARD','BANK_TRANSFER','DIGITAL_WALLET','CASH','CHECK')),
        processing_status varchar(255) check (processing_status in ('PENDING','APPROVED','DECLINED','UNDER_REVIEW')),
        transaction_id varchar(255) not null unique,
        primary key (id)
    )
2025-09-24 12:24:13 [main] DEBUG org.hibernate.SQL - 
    create table user_profiles (
        average_monthly_spending numeric(10,2),
        risk_score numeric(5,2),
        id bigint generated by default as identity,
        user_id bigint unique,
        income_range varchar(255),
        occupation varchar(255),
        preferred_payment_methods varchar(255),
        typical_spending_locations varchar(255),
        primary key (id)
    )
2025-09-24 12:24:13 [main] DEBUG org.hibernate.SQL - 
    create table users (
        is_active boolean,
        created_at timestamp(6) not null,
        id bigint generated by default as identity,
        updated_at timestamp(6),
        email varchar(255),
        first_name varchar(255),
        last_name varchar(255),
        phone_number varchar(255),
        user_id varchar(255) not null unique,
        primary key (id)
    )
2025-09-24 12:24:13 [main] DEBUG org.hibernate.SQL - 
    create index idx_user_alert_time 
       on fraud_alerts (user_id, alert_time)
2025-09-24 12:24:13 [main] DEBUG org.hibernate.SQL - 
    create index idx_severity 
       on fraud_alerts (severity)
2025-09-24 12:24:13 [main] DEBUG org.hibernate.SQL - 
    create index idx_user_timestamp 
       on transactions (user_id, timestamp)
2025-09-24 12:24:13 [main] DEBUG org.hibernate.SQL - 
    create index idx_transaction_id 
       on transactions (transaction_id)
2025-09-24 12:24:13 [main] DEBUG org.hibernate.SQL - 
    create index idx_amount 
       on transactions (amount)
2025-09-24 12:24:13 [main] DEBUG org.hibernate.SQL - 
    alter table if exists fraud_alerts 
       add constraint FKqci12ibsyesvy4l6uq89si9io 
       foreign key (transaction_id) 
       references transactions
2025-09-24 12:24:13 [main] DEBUG org.hibernate.SQL - 
    alter table if exists fraud_alerts 
       add constraint FKjlreiob8lhisso6bs3ljyiew1 
       foreign key (user_id) 
       references users
2025-09-24 12:24:13 [main] DEBUG org.hibernate.SQL - 
    alter table if exists transactions 
       add constraint FK8cijf8yj056xw6rjk3ucrmpdd 
       foreign key (merchant_category_id) 
       references merchant_categories
2025-09-24 12:24:13 [main] DEBUG org.hibernate.SQL - 
    alter table if exists transactions 
       add constraint FKqwv7rmvc8va8rep7piikrojds 
       foreign key (user_id) 
       references users
2025-09-24 12:24:13 [main] DEBUG org.hibernate.SQL - 
    alter table if exists user_profiles 
       add constraint FKjcad5nfve11khsnpwj1mv8frj 
       foreign key (user_id) 
       references users
2025-09-24 12:24:13 [main] INFO  o.s.o.j.LocalContainerEntityManagerFactoryBean - Initialized JPA EntityManagerFactory for persistence unit 'default'
2025-09-24 12:24:14 [main] INFO  o.s.d.j.r.query.QueryEnhancerFactory - Hibernate is in classpath; If applicable, HQL parser will be used.
2025-09-24 12:24:14 [main] INFO  c.m.f.rules.FraudDetectionEngine - Added fraud detection rule: Amount-Based Rule
2025-09-24 12:24:14 [main] INFO  c.m.f.rules.FraudDetectionEngine - Added fraud detection rule: Frequency-Based Rule
2025-09-24 12:24:14 [main] INFO  c.m.f.rules.FraudDetectionEngine - Added fraud detection rule: Enhanced Merchant Risk Rule
2025-09-24 12:24:14 [main] WARN  o.s.b.a.o.j.JpaBaseConfiguration$JpaWebConfiguration - spring.jpa.open-in-view is enabled by default. Therefore, database queries may be performed during view rendering. Explicitly configure spring.jpa.open-in-view to disable this warning
2025-09-24 12:24:15 [main] WARN  o.s.b.w.s.c.AnnotationConfigServletWebServerApplicationContext - Exception encountered during context initialization - cancelling refresh attempt: org.springframework.beans.factory.UnsatisfiedDependencyException: Error creating bean with name 'org.springframework.security.config.annotation.web.configuration.WebSecurityConfiguration': Unsatisfied dependency expressed through method 'setFilterChains' parameter 0: Error creating bean with name 'filterChain' defined in class path resource [com/mj/frauddetectionsystem/config/SecurityConfig.class]: Failed to instantiate [org.springframework.security.web.SecurityFilterChain]: Factory method 'filterChain' threw exception with message: This method cannot decide whether these patterns are Spring MVC patterns or not. If this endpoint is a Spring MVC endpoint, please use requestMatchers(MvcRequestMatcher); otherwise, please use requestMatchers(AntPathRequestMatcher).

This is because there is more than one mappable servlet in your servlet context: {org.h2.server.web.JakartaWebServlet=[/h2-console/*], org.springframework.web.servlet.DispatcherServlet=[/]}.

For each MvcRequestMatcher, call MvcRequestMatcher#setServletPath to indicate the servlet path.
2025-09-24 12:24:15 [main] INFO  o.s.o.j.LocalContainerEntityManagerFactoryBean - Closing JPA EntityManagerFactory for persistence unit 'default'
2025-09-24 12:24:15 [main] DEBUG org.hibernate.SQL - 
    drop table if exists fraud_alerts cascade 
2025-09-24 12:24:15 [main] DEBUG org.hibernate.SQL - 
    drop table if exists merchant_categories cascade 
2025-09-24 12:24:15 [main] DEBUG org.hibernate.SQL - 
    drop table if exists transactions cascade 
2025-09-24 12:24:15 [main] DEBUG org.hibernate.SQL - 
    drop table if exists user_profiles cascade 
2025-09-24 12:24:15 [main] DEBUG org.hibernate.SQL - 
    drop table if exists users cascade 
2025-09-24 12:24:15 [main] INFO  com.zaxxer.hikari.HikariDataSource - HikariPool-1 - Shutdown initiated...
2025-09-24 12:24:15 [main] INFO  com.zaxxer.hikari.HikariDataSource - HikariPool-1 - Shutdown completed.
2025-09-24 12:24:15 [main] INFO  o.a.catalina.core.StandardService - Stopping service [Tomcat]
2025-09-24 12:24:15 [main] INFO  o.s.b.a.l.ConditionEvaluationReportLogger - 

Error starting ApplicationContext. To display the condition evaluation report re-run your application with 'debug' enabled.
2025-09-24 12:24:15 [main] ERROR o.s.boot.SpringApplication - Application run failed
org.springframework.beans.factory.UnsatisfiedDependencyException: Error creating bean with name 'org.springframework.security.config.annotation.web.configuration.WebSecurityConfiguration': Unsatisfied dependency expressed through method 'setFilterChains' parameter 0: Error creating bean with name 'filterChain' defined in class path resource [com/mj/frauddetectionsystem/config/SecurityConfig.class]: Failed to instantiate [org.springframework.security.web.SecurityFilterChain]: Factory method 'filterChain' threw exception with message: This method cannot decide whether these patterns are Spring MVC patterns or not. If this endpoint is a Spring MVC endpoint, please use requestMatchers(MvcRequestMatcher); otherwise, please use requestMatchers(AntPathRequestMatcher).

This is because there is more than one mappable servlet in your servlet context: {org.h2.server.web.JakartaWebServlet=[/h2-console/*], org.springframework.web.servlet.DispatcherServlet=[/]}.

For each MvcRequestMatcher, call MvcRequestMatcher#setServletPath to indicate the servlet path.
	at org.springframework.beans.factory.annotation.AutowiredAnnotationBeanPostProcessor$AutowiredMethodElement.resolveMethodArguments(AutowiredAnnotationBeanPostProcessor.java:875)
	at org.springframework.beans.factory.annotation.AutowiredAnnotationBeanPostProcessor$AutowiredMethodElement.inject(AutowiredAnnotationBeanPostProcessor.java:828)
	at org.springframework.beans.factory.annotation.InjectionMetadata.inject(InjectionMetadata.java:145)
	at org.springframework.beans.factory.annotation.AutowiredAnnotationBeanPostProcessor.postProcessProperties(AutowiredAnnotationBeanPostProcessor.java:492)
	at org.springframework.beans.factory.support.AbstractAutowireCapableBeanFactory.populateBean(AbstractAutowireCapableBeanFactory.java:1416)
	at org.springframework.beans.factory.support.AbstractAutowireCapableBeanFactory.doCreateBean(AbstractAutowireCapableBeanFactory.java:597)
	at org.springframework.beans.factory.support.AbstractAutowireCapableBeanFactory.createBean(AbstractAutowireCapableBeanFactory.java:520)
	at org.springframework.beans.factory.support.AbstractBeanFactory.lambda$doGetBean$0(AbstractBeanFactory.java:325)
	at org.springframework.beans.factory.support.DefaultSingletonBeanRegistry.getSingleton(DefaultSingletonBeanRegistry.java:234)
	at org.springframework.beans.factory.support.AbstractBeanFactory.doGetBean(AbstractBeanFactory.java:323)
	at org.springframework.beans.factory.support.AbstractBeanFactory.getBean(AbstractBeanFactory.java:199)
	at org.springframework.beans.factory.support.DefaultListableBeanFactory.preInstantiateSingletons(DefaultListableBeanFactory.java:973)
	at org.springframework.context.support.AbstractApplicationContext.finishBeanFactoryInitialization(AbstractApplicationContext.java:950)
	at org.springframework.context.support.AbstractApplicationContext.refresh(AbstractApplicationContext.java:616)
	at org.springframework.boot.web.servlet.context.ServletWebServerApplicationContext.refresh(ServletWebServerApplicationContext.java:146)
	at org.springframework.boot.SpringApplication.refresh(SpringApplication.java:738)
	at org.springframework.boot.SpringApplication.refreshContext(SpringApplication.java:440)
	at org.springframework.boot.SpringApplication.run(SpringApplication.java:316)
	at org.springframework.boot.SpringApplication.run(SpringApplication.java:1306)
	at org.springframework.boot.SpringApplication.run(SpringApplication.java:1295)
	at com.mj.frauddetectionsystem.FraudDetectionSystemApplication.main(FraudDetectionSystemApplication.java:10)
Caused by: org.springframework.beans.factory.BeanCreationException: Error creating bean with name 'filterChain' defined in class path resource [com/mj/frauddetectionsystem/config/SecurityConfig.class]: Failed to instantiate [org.springframework.security.web.SecurityFilterChain]: Factory method 'filterChain' threw exception with message: This method cannot decide whether these patterns are Spring MVC patterns or not. If this endpoint is a Spring MVC endpoint, please use requestMatchers(MvcRequestMatcher); otherwise, please use requestMatchers(AntPathRequestMatcher).

This is because there is more than one mappable servlet in your servlet context: {org.h2.server.web.JakartaWebServlet=[/h2-console/*], org.springframework.web.servlet.DispatcherServlet=[/]}.

For each MvcRequestMatcher, call MvcRequestMatcher#setServletPath to indicate the servlet path.
	at org.springframework.beans.factory.support.ConstructorResolver.instantiate(ConstructorResolver.java:654)
	at org.springframework.beans.factory.support.ConstructorResolver.instantiateUsingFactoryMethod(ConstructorResolver.java:642)
	at org.springframework.beans.factory.support.AbstractAutowireCapableBeanFactory.instantiateUsingFactoryMethod(AbstractAutowireCapableBeanFactory.java:1332)
	at org.springframework.beans.factory.support.AbstractAutowireCapableBeanFactory.createBeanInstance(AbstractAutowireCapableBeanFactory.java:1162)
	at org.springframework.beans.factory.support.AbstractAutowireCapableBeanFactory.doCreateBean(AbstractAutowireCapableBeanFactory.java:560)
	at org.springframework.beans.factory.support.AbstractAutowireCapableBeanFactory.createBean(AbstractAutowireCapableBeanFactory.java:520)
	at org.springframework.beans.factory.support.AbstractBeanFactory.lambda$doGetBean$0(AbstractBeanFactory.java:325)
	at org.springframework.beans.factory.support.DefaultSingletonBeanRegistry.getSingleton(DefaultSingletonBeanRegistry.java:234)
	at org.springframework.beans.factory.support.AbstractBeanFactory.doGetBean(AbstractBeanFactory.java:323)
	at org.springframework.beans.factory.support.AbstractBeanFactory.getBean(AbstractBeanFactory.java:199)
	at org.springframework.beans.factory.config.DependencyDescriptor.resolveCandidate(DependencyDescriptor.java:254)
	at org.springframework.beans.factory.support.DefaultListableBeanFactory.addCandidateEntry(DefaultListableBeanFactory.java:1633)
	at org.springframework.beans.factory.support.DefaultListableBeanFactory.findAutowireCandidates(DefaultListableBeanFactory.java:1597)
	at org.springframework.beans.factory.support.DefaultListableBeanFactory.resolveMultipleBeans(DefaultListableBeanFactory.java:1488)
	at org.springframework.beans.factory.support.DefaultListableBeanFactory.doResolveDependency(DefaultListableBeanFactory.java:1375)
	at org.springframework.beans.factory.support.DefaultListableBeanFactory.resolveDependency(DefaultListableBeanFactory.java:1337)
	at org.springframework.beans.factory.annotation.AutowiredAnnotationBeanPostProcessor$AutowiredMethodElement.resolveMethodArguments(AutowiredAnnotationBeanPostProcessor.java:867)
	... 20 common frames omitted
Caused by: org.springframework.beans.BeanInstantiationException: Failed to instantiate [org.springframework.security.web.SecurityFilterChain]: Factory method 'filterChain' threw exception with message: This method cannot decide whether these patterns are Spring MVC patterns or not. If this endpoint is a Spring MVC endpoint, please use requestMatchers(MvcRequestMatcher); otherwise, please use requestMatchers(AntPathRequestMatcher).

This is because there is more than one mappable servlet in your servlet context: {org.h2.server.web.JakartaWebServlet=[/h2-console/*], org.springframework.web.servlet.DispatcherServlet=[/]}.

For each MvcRequestMatcher, call MvcRequestMatcher#setServletPath to indicate the servlet path.
	at org.springframework.beans.factory.support.SimpleInstantiationStrategy.instantiate(SimpleInstantiationStrategy.java:171)
	at org.springframework.beans.factory.support.ConstructorResolver.instantiate(ConstructorResolver.java:650)
	... 36 common frames omitted
Caused by: java.lang.IllegalArgumentException: This method cannot decide whether these patterns are Spring MVC patterns or not. If this endpoint is a Spring MVC endpoint, please use requestMatchers(MvcRequestMatcher); otherwise, please use requestMatchers(AntPathRequestMatcher).

This is because there is more than one mappable servlet in your servlet context: {org.h2.server.web.JakartaWebServlet=[/h2-console/*], org.springframework.web.servlet.DispatcherServlet=[/]}.

For each MvcRequestMatcher, call MvcRequestMatcher#setServletPath to indicate the servlet path.
	at org.springframework.security.config.annotation.web.AbstractRequestMatcherRegistry.requestMatchers(AbstractRequestMatcherRegistry.java:208)
	at org.springframework.security.config.annotation.web.AbstractRequestMatcherRegistry.requestMatchers(AbstractRequestMatcherRegistry.java:276)
	at com.mj.frauddetectionsystem.config.SecurityConfig.lambda$1(SecurityConfig.java:28)
	at org.springframework.security.config.annotation.web.builders.HttpSecurity.authorizeHttpRequests(HttpSecurity.java:1466)
	at com.mj.frauddetectionsystem.config.SecurityConfig.filterChain(SecurityConfig.java:26)
	at com.mj.frauddetectionsystem.config.SecurityConfig$$SpringCGLIB$$0.CGLIB$filterChain$1(<generated>)
	at com.mj.frauddetectionsystem.config.SecurityConfig$$SpringCGLIB$$FastClass$$1.invoke(<generated>)
	at org.springframework.cglib.proxy.MethodProxy.invokeSuper(MethodProxy.java:258)
	at org.springframework.context.annotation.ConfigurationClassEnhancer$BeanMethodInterceptor.intercept(ConfigurationClassEnhancer.java:331)
	at com.mj.frauddetectionsystem.config.SecurityConfig$$SpringCGLIB$$0.filterChain(<generated>)
	at java.base/jdk.internal.reflect.NativeMethodAccessorImpl.invoke0(Native Method)
	at java.base/jdk.internal.reflect.NativeMethodAccessorImpl.invoke(NativeMethodAccessorImpl.java:77)
	at java.base/jdk.internal.reflect.DelegatingMethodAccessorImpl.invoke(DelegatingMethodAccessorImpl.java:43)
	at java.base/java.lang.reflect.Method.invoke(Method.java:568)
	at org.springframework.beans.factory.support.SimpleInstantiationStrategy.instantiate(SimpleInstantiationStrategy.java:139)
	... 37 common frames omitted
